2025-05-11T01:19:14: Server running in development mode on port 8000
2025-05-11T01:19:15: Server running in development mode on port 8000
2025-05-11T01:19:16: Server running in development mode on port 8000
2025-05-11T01:19:18: Connected to Database
2025-05-11T01:19:18: Fetched categories
2025-05-11T01:19:18: Routes have changed, updating route configuration...
2025-05-11T01:19:18: Creating route for category: /3d-image
2025-05-11T01:19:18: Creating route for category: /ai-sketch-image
2025-05-11T01:19:18: Creating route for category: /anime-generator
2025-05-11T01:19:18: Creating route for category: /face-swaping
2025-05-11T01:19:18: Creating route for category: /pixel-art
2025-05-11T01:19:18: Creating route for category: /region-promoting
2025-05-11T01:19:18: Creating route for category: /oil-paint
2025-05-11T01:19:18: Dynamic routes initialized successfully
2025-05-11T01:19:19: Server running in development mode on port 8000
2025-05-11T01:19:20: Server running in development mode on port 8000
2025-05-11T01:19:21: Connected to Database
2025-05-11T01:19:22: Server running in development mode on port 8000
2025-05-11T01:19:23: Server running in development mode on port 8000
2025-05-11T01:19:24: Server running in development mode on port 8000
2025-05-11T01:19:25: Connected to Database
2025-05-11T01:19:26: Server running in development mode on port 8000
2025-05-11T01:19:27: Server running in development mode on port 8000
2025-05-11T01:19:28: Server running in development mode on port 8000
2025-05-11T01:19:29: Server running in development mode on port 8000
2025-05-11T01:19:30: Server running in development mode on port 8000
2025-05-11T01:19:31: Connected to Database
2025-05-11T01:19:31: Routes have changed, updating route configuration...
2025-05-11T01:19:31: Dynamic routes initialized successfully
2025-05-11T01:19:32: Server running in development mode on port 8000
2025-05-11T01:19:33: Server running in development mode on port 8000
2025-05-11T01:19:34: Connected to Database
2025-05-11T01:19:35: Server running in development mode on port 8000
2025-05-11T01:19:36: Server running in development mode on port 8000
2025-05-11T01:19:37: Connected to Database
2025-05-11T01:19:38: Server running in development mode on port 8000
2025-05-11T01:19:39: Server running in development mode on port 8000
2025-05-11T01:19:40: Connected to Database
2025-05-11T01:19:40: Server running in development mode on port 8000
2025-05-11T01:19:41: Server running in development mode on port 8000
2025-05-11T01:19:42: Server running in development mode on port 8000
2025-05-11T01:19:44: Connected to Database
2025-05-11T01:19:45: Server running in development mode on port 8000
2025-05-11T01:19:46: Server running in development mode on port 8000
2025-05-11T01:19:47: Server running in development mode on port 8000
2025-05-11T01:19:48: Connected to Database
2025-05-11T01:19:48: Server running in development mode on port 8000
2025-05-11T01:19:49: Server running in development mode on port 8000
2025-05-11T01:19:51: Connected to Database
2025-05-11T01:19:52: Server running in development mode on port 8000
2025-05-11T01:19:53: Connected to Database
2025-05-11T01:19:54: Server running in development mode on port 8000
2025-05-11T01:19:54: Server running in development mode on port 8000
2025-05-11T01:19:56: Connected to Database
2025-05-11T01:19:56: Server running in development mode on port 8000
2025-05-11T01:19:57: Server running in development mode on port 8000
2025-05-11T01:19:58: Server running in development mode on port 8000
2025-05-11T01:20:00: Connected to Database
2025-05-11T01:20:00: Server running in development mode on port 8000
2025-05-11T01:20:01: Server running in development mode on port 8000
2025-05-11T01:20:02: Server running in development mode on port 8000
2025-05-11T01:20:03: Server running in development mode on port 8000
2025-05-11T01:20:05: Connected to Database
2025-05-11T01:20:05: Server running in development mode on port 8000
2025-05-11T01:20:06: Server running in development mode on port 8000
2025-05-11T01:20:07: Connected to Database
2025-05-11T01:20:08: Server running in development mode on port 8000
2025-05-11T01:20:09: Server running in development mode on port 8000
2025-05-11T01:20:10: Connected to Database
2025-05-11T01:20:11: Server running in development mode on port 8000
2025-05-11T01:20:12: Server running in development mode on port 8000
2025-05-11T01:20:13: Connected to Database
2025-05-11T01:20:14: Server running in development mode on port 8000
2025-05-11T01:20:15: Server running in development mode on port 8000
2025-05-11T01:20:16: Connected to Database
2025-05-11T01:20:17: Server running in development mode on port 8000
2025-05-11T01:20:18: Server running in development mode on port 8000
2025-05-11T01:20:19: Connected to Database
2025-05-11T01:20:20: Server running in development mode on port 8000
2025-05-11T01:20:21: Server running in development mode on port 8000
2025-05-11T01:20:22: Connected to Database
2025-05-11T01:20:23: Server running in development mode on port 8000
2025-05-11T01:20:24: Server running in development mode on port 8000
2025-05-11T01:20:25: Connected to Database
2025-05-11T01:20:26: Server running in development mode on port 8000
2025-05-11T01:20:26: Server running in development mode on port 8000
2025-05-11T01:20:27: Server running in development mode on port 8000
2025-05-11T01:20:29: Connected to Database
2025-05-11T01:20:29: Server running in development mode on port 8000
2025-05-11T01:20:30: Server running in development mode on port 8000
2025-05-11T01:20:31: Server running in development mode on port 8000
2025-05-11T01:20:32: Connected to Database
2025-05-11T01:20:33: Server running in development mode on port 8000
2025-05-11T01:20:34: Server running in development mode on port 8000
2025-05-11T01:20:35: Server running in development mode on port 8000
2025-05-11T01:20:36: Connected to Database
2025-05-11T01:20:37: Server running in development mode on port 8000
2025-05-11T01:20:38: Server running in development mode on port 8000
2025-05-11T01:20:39: Connected to Database
2025-05-11T01:20:40: Server running in development mode on port 8000
2025-05-11T01:20:41: Server running in development mode on port 8000
2025-05-11T01:20:42: Connected to Database
2025-05-11T01:20:43: Server running in development mode on port 8000
2025-05-11T01:20:44: Server running in development mode on port 8000
2025-05-11T01:20:45: Server running in development mode on port 8000
2025-05-11T01:20:46: Connected to Database
2025-05-11T01:20:47: Server running in development mode on port 8000
2025-05-11T01:20:48: Server running in development mode on port 8000
2025-05-11T01:20:49: Connected to Database
2025-05-11T01:20:50: Server running in development mode on port 8000
2025-05-11T01:20:52: Server running in development mode on port 8000
2025-05-11T01:20:53: Connected to Database
2025-05-11T01:20:54: Server running in development mode on port 8000
2025-05-11T01:20:55: Server running in development mode on port 8000
2025-05-11T01:20:56: Connected to Database
2025-05-11T01:20:56: Server running in development mode on port 8000
2025-05-11T01:20:57: Server running in development mode on port 8000
2025-05-11T01:20:59: Connected to Database
2025-05-11T01:20:59: Server running in development mode on port 8000
2025-05-11T01:21:00: Server running in development mode on port 8000
2025-05-11T01:21:01: Server running in development mode on port 8000
2025-05-11T01:21:02: Server running in development mode on port 8000
2025-05-11T01:21:04: Server running in development mode on port 8000
2025-05-11T01:21:05: Connected to Database
2025-05-11T01:21:06: Server running in development mode on port 8000
2025-05-11T01:21:07: Server running in development mode on port 8000
2025-05-11T01:21:08: Connected to Database
2025-05-11T01:21:09: Server running in development mode on port 8000
2025-05-11T01:21:10: Server running in development mode on port 8000
2025-05-11T01:21:11: Server running in development mode on port 8000
2025-05-11T01:21:12: Server running in development mode on port 8000
2025-05-11T01:21:13: Connected to Database
2025-05-11T01:21:14: Server running in development mode on port 8000
2025-05-11T01:21:15: Server running in development mode on port 8000
2025-05-11T01:21:16: Connected to Database
2025-05-11T01:21:17: Server running in development mode on port 8000
2025-05-11T01:21:18: Server running in development mode on port 8000
2025-05-11T01:21:19: Connected to Database
2025-05-11T01:21:20: Server running in development mode on port 8000
2025-05-11T01:21:22: Server running in development mode on port 8000
2025-05-11T01:21:23: Server running in development mode on port 8000
2025-05-11T01:21:24: Server running in development mode on port 8000
2025-05-11T01:21:25: Server running in development mode on port 8000
2025-05-11T01:21:26: Connected to Database
2025-05-11T01:21:27: Server running in development mode on port 8000
2025-05-11T01:21:29: Server running in development mode on port 8000
2025-05-11T01:21:30: Server running in development mode on port 8000
2025-05-11T01:21:31: Server running in development mode on port 8000
2025-05-11T01:21:32: Connected to Database
2025-05-11T01:21:33: Server running in development mode on port 8000
2025-05-11T01:21:34: Server running in development mode on port 8000
2025-05-11T01:21:36: Server running in development mode on port 8000
2025-05-11T01:21:38: Server running in development mode on port 8000
2025-05-11T01:21:39: Connected to Database
2025-05-11T01:21:40: Server running in development mode on port 8000
2025-05-11T01:21:41: Server running in development mode on port 8000
2025-05-11T01:21:42: Server running in development mode on port 8000
2025-05-11T01:21:43: Connected to Database
2025-05-11T01:21:44: Server running in development mode on port 8000
2025-05-11T01:21:45: Server running in development mode on port 8000
2025-05-11T01:21:47: Connected to Database
2025-05-11T01:21:47: Server running in development mode on port 8000
2025-05-11T01:21:48: Server running in development mode on port 8000
2025-05-11T01:21:49: Server running in development mode on port 8000
2025-05-11T01:21:50: Connected to Database
2025-05-11T01:21:52: Server running in development mode on port 8000
2025-05-11T01:21:53: Connected to Database
2025-05-11T01:21:54: Server running in development mode on port 8000
2025-05-11T01:21:55: Server running in development mode on port 8000
2025-05-11T01:21:57: Connected to Database
2025-05-11T01:21:58: Server running in development mode on port 8000
2025-05-11T01:21:59: Server running in development mode on port 8000
2025-05-11T01:22:00: Server running in development mode on port 8000
2025-05-11T01:22:01: Connected to Database
2025-05-11T01:22:02: Server running in development mode on port 8000
2025-05-11T01:22:03: Server running in development mode on port 8000
2025-05-11T01:22:04: Connected to Database
2025-05-11T01:22:04: Fetched categories
2025-05-11T01:22:04: Routes have changed, updating route configuration...
2025-05-11T01:22:04: Creating route for category: /3d-image
2025-05-11T01:22:04: Creating route for category: /ai-sketch-image
2025-05-11T01:22:04: Creating route for category: /anime-generator
2025-05-11T01:22:04: Creating route for category: /face-swaping
2025-05-11T01:22:04: Creating route for category: /pixel-art
2025-05-11T01:22:04: Creating route for category: /region-promoting
2025-05-11T01:22:04: Creating route for category: /oil-paint
2025-05-11T01:22:04: Dynamic routes initialized successfully
2025-05-11T01:22:05: Server running in development mode on port 8000
2025-05-11T01:22:06: Server running in development mode on port 8000
2025-05-11T01:22:07: Server running in development mode on port 8000
2025-05-11T01:22:09: Server running in development mode on port 8000
2025-05-11T01:22:10: Connected to Database
2025-05-11T01:22:11: Server running in development mode on port 8000
2025-05-11T01:22:12: Server running in development mode on port 8000
2025-05-11T01:22:13: Connected to Database
2025-05-11T01:22:14: Server running in development mode on port 8000
2025-05-11T01:22:15: Server running in development mode on port 8000
2025-05-11T01:22:16: Server running in development mode on port 8000
2025-05-11T01:22:17: Connected to Database
2025-05-11T01:22:18: Server running in development mode on port 8000
2025-05-11T01:22:18: Server running in development mode on port 8000
2025-05-11T01:22:20: Server running in development mode on port 8000
2025-05-11T01:22:21: Server running in development mode on port 8000
2025-05-11T01:22:22: Server running in development mode on port 8000
2025-05-11T01:22:23: Connected to Database
2025-05-11T01:22:24: Server running in development mode on port 8000
2025-05-11T01:22:25: Server running in development mode on port 8000
2025-05-11T01:22:26: Server running in development mode on port 8000
2025-05-11T01:22:28: Connected to Database
2025-05-11T01:22:28: Server running in development mode on port 8000
2025-05-11T01:22:29: Server running in development mode on port 8000
2025-05-11T01:22:30: Server running in development mode on port 8000
2025-05-11T01:22:31: Server running in development mode on port 8000
2025-05-11T01:22:32: Server running in development mode on port 8000
2025-05-11T01:22:33: Connected to Database
2025-05-11T01:22:34: Server running in development mode on port 8000
2025-05-11T01:22:35: Server running in development mode on port 8000
2025-05-11T01:22:36: Connected to Database
2025-05-11T01:22:37: Server running in development mode on port 8000
2025-05-11T01:22:38: Server running in development mode on port 8000
2025-05-11T01:22:39: Server running in development mode on port 8000
2025-05-11T01:22:41: Connected to Database
2025-05-11T01:22:42: Server running in development mode on port 8000
2025-05-11T01:22:42: Server running in development mode on port 8000
2025-05-11T01:22:45: Connected to Database
2025-05-11T01:22:45: Fetched categories
2025-05-11T01:22:45: Routes have changed, updating route configuration...
2025-05-11T01:22:45: Creating route for category: /3d-image
2025-05-11T01:22:45: Creating route for category: /ai-sketch-image
2025-05-11T01:22:45: Creating route for category: /anime-generator
2025-05-11T01:22:45: Creating route for category: /face-swaping
2025-05-11T01:22:45: Creating route for category: /pixel-art
2025-05-11T01:22:45: Creating route for category: /region-promoting
2025-05-11T01:22:45: Creating route for category: /oil-paint
2025-05-11T01:22:45: Dynamic routes initialized successfully
2025-05-11T01:22:46: Server running in development mode on port 8000
2025-05-11T01:22:47: Server running in development mode on port 8000
2025-05-11T01:22:48: Connected to Database
2025-05-11T01:22:49: Server running in development mode on port 8000
2025-05-11T01:22:50: Server running in development mode on port 8000
2025-05-11T01:22:52: Server running in development mode on port 8000
2025-05-11T01:22:53: Server running in development mode on port 8000
2025-05-11T01:22:54: Server running in development mode on port 8000
2025-05-11T01:22:55: Connected to Database
2025-05-11T01:22:56: Server running in development mode on port 8000
2025-05-11T01:22:57: Server running in development mode on port 8000
2025-05-11T01:22:58: Connected to Database
2025-05-11T01:22:59: Server running in development mode on port 8000
2025-05-11T01:23:00: Server running in development mode on port 8000
2025-05-11T01:23:01: Server running in development mode on port 8000
2025-05-11T01:23:02: Connected to Database
2025-05-11T01:23:03: Server running in development mode on port 8000
2025-05-11T01:23:04: Server running in development mode on port 8000
2025-05-11T01:23:05: Connected to Database
2025-05-11T01:23:06: Server running in development mode on port 8000
2025-05-11T01:23:07: Server running in development mode on port 8000
2025-05-11T01:23:08: Connected to Database
2025-05-11T01:23:09: Server running in development mode on port 8000
2025-05-11T01:23:10: Server running in development mode on port 8000
2025-05-11T01:23:11: Server running in development mode on port 8000
2025-05-11T01:23:12: Server running in development mode on port 8000
2025-05-11T01:23:13: Connected to Database
2025-05-11T01:23:14: Server running in development mode on port 8000
2025-05-11T01:23:15: Server running in development mode on port 8000
2025-05-11T01:23:16: Connected to Database
2025-05-11T01:23:17: Server running in development mode on port 8000
2025-05-11T01:23:18: Server running in development mode on port 8000
2025-05-11T01:23:19: Server running in development mode on port 8000
2025-05-11T01:23:20: Connected to Database
2025-05-11T01:23:21: Server running in development mode on port 8000
2025-05-11T01:23:22: Server running in development mode on port 8000
2025-05-11T01:23:23: Connected to Database
2025-05-11T01:23:24: Server running in development mode on port 8000
2025-05-11T01:23:26: Server running in development mode on port 8000
2025-05-11T01:23:29: listening on 8000...
2025-05-11T01:23:31: listening on 8000...
2025-05-11T01:23:32: listening on 8000...
2025-05-11T01:23:33: Connected to Database
2025-05-11T01:23:34: listening on 8000...
2025-05-11T01:23:35: listening on 8000...
2025-05-11T01:23:36: Connected to Database
2025-05-11T01:23:37: listening on 8000...
2025-05-11T01:23:38: listening on 8000...
2025-05-11T01:23:39: Connected to Database
2025-05-11T01:23:40: listening on 8000...
2025-05-11T01:23:41: listening on 8000...
2025-05-11T01:23:42: listening on 8000...
2025-05-11T01:23:44: listening on 8000...
2025-05-11T01:23:45: listening on 8000...
2025-05-11T11:07:01: listening on 8000...
2025-05-11T11:07:02: listening on 8000...
2025-05-11T11:07:03: listening on 8000...
2025-05-11T11:07:05: listening on 8000...
2025-05-11T11:07:06: listening on 8000...
2025-05-11T16:33:00: listening on 8000...
2025-05-11T16:33:02: Connected to Database
2025-05-11T16:33:05: listening on 8000...
2025-05-11T16:33:07: listening on 8000...
2025-05-11T16:33:09: listening on 8000...
2025-05-11T16:33:11: listening on 8000...
2025-05-11T16:33:12: Connected to Database
2025-05-11T16:33:14: listening on 8000...
2025-05-11T16:33:15: Connected to Database
2025-05-11T16:33:17: listening on 8000...
2025-05-11T16:33:20: listening on 8000...
2025-05-11T16:33:22: listening on 8000...
2025-05-11T16:33:23: Connected to Database
2025-05-11T16:33:24: listening on 8000...
2025-05-11T16:33:26: listening on 8000...
2025-05-11T16:34:28: listening on 8000...
2025-05-11T16:34:30: listening on 8000...
2025-05-11T16:34:32: listening on 8000...
2025-05-11T16:34:33: Connected to Database
